<?xml version="1.0" encoding="UTF-8"?>
<!-- Generated by org.testng.reporters.JUnitReportReporter -->
<testsuite skipped="0" hostname="ptayde-t460" name="base.ChooseBrowser" tests="3" failures="0" timestamp="2021-10-14T13:26:54 IST" time="6.534" errors="0">
  <testcase name="Seleniumtest2" time="0.000" classname="base.ChooseBrowser"/>
  <system-out/>
  <testcase name="Seleniumtest1" time="6.534" classname="base.ChooseBrowser"/>
  <system-out/>
  <testcase name="Seleniumtest3" time="0.000" classname="base.ChooseBrowser"/>
  <system-out/>
</testsuite> <!-- base.ChooseBrowser -->
